<?xml version="1.0" encoding="UTF-8"?>
<testng-results skipped="0" failed="0" ignored="0" total="12" passed="12">
  <reporter-output>
  </reporter-output>
  <suite name="Default suite" duration-ms="59" started-at="2019-03-20T06:08:31Z" finished-at="2019-03-20T06:08:31Z">
    <groups>
    </groups>
    <test name="Default test" duration-ms="59" started-at="2019-03-20T06:08:31Z" finished-at="2019-03-20T06:08:31Z">
      <class name="com.amar.dreamer.RNDPro.MyTests1">
        <test-method status="PASS" signature="test2()[pri:0, instance:com.amar.dreamer.RNDPro.MyTests1@3d299e3]" name="test2" duration-ms="1" started-at="2019-03-20T06:08:31Z" finished-at="2019-03-20T06:08:31Z">
          <reporter-output>
          </reporter-output>
        </test-method> <!-- test2 -->
        <test-method status="PASS" signature="test1()[pri:1, instance:com.amar.dreamer.RNDPro.MyTests1@3d299e3]" name="test1" duration-ms="1" started-at="2019-03-20T06:08:31Z" finished-at="2019-03-20T06:08:31Z">
          <reporter-output>
          </reporter-output>
        </test-method> <!-- test1 -->
        <test-method status="PASS" signature="test3()[pri:2, instance:com.amar.dreamer.RNDPro.MyTests1@3d299e3]" name="test3" duration-ms="1" started-at="2019-03-20T06:08:31Z" finished-at="2019-03-20T06:08:31Z">
          <reporter-output>
          </reporter-output>
        </test-method> <!-- test3 -->
      </class> <!-- com.amar.dreamer.RNDPro.MyTests1 -->
      <class name="com.amar.UIElement.TestNG2">
        <test-method status="PASS" signature="beforeTest()[pri:0, instance:com.amar.UIElement.TestNG2@5906ebcb]" name="beforeTest" is-config="true" duration-ms="7" started-at="2019-03-20T06:08:31Z" finished-at="2019-03-20T06:08:31Z">
          <reporter-output>
          </reporter-output>
        </test-method> <!-- beforeTest -->
        <test-method status="PASS" signature="beforeTest()[pri:0, instance:com.amar.UIElement.TestNGTest@258e2e41]" name="beforeTest" is-config="true" duration-ms="0" started-at="2019-03-20T06:08:31Z" finished-at="2019-03-20T06:08:31Z">
          <reporter-output>
          </reporter-output>
        </test-method> <!-- beforeTest -->
        <test-method status="PASS" signature="test1()[pri:0, instance:com.amar.UIElement.TestNG2@5906ebcb]" name="test1" duration-ms="4" started-at="2019-03-20T06:08:31Z" finished-at="2019-03-20T06:08:31Z">
          <reporter-output>
          </reporter-output>
        </test-method> <!-- test1 -->
        <test-method status="PASS" signature="beforeMethod()[pri:0, instance:com.amar.UIElement.TestNG2@5906ebcb]" name="beforeMethod" is-config="true" duration-ms="0" started-at="2019-03-20T06:08:31Z" finished-at="2019-03-20T06:08:31Z">
          <reporter-output>
          </reporter-output>
        </test-method> <!-- beforeMethod -->
        <test-method status="PASS" signature="beforeMethod()[pri:0, instance:com.amar.UIElement.TestNG2@5906ebcb]" name="beforeMethod" is-config="true" duration-ms="0" started-at="2019-03-20T06:08:31Z" finished-at="2019-03-20T06:08:31Z">
          <reporter-output>
          </reporter-output>
        </test-method> <!-- beforeMethod -->
        <test-method status="PASS" signature="test2()[pri:0, instance:com.amar.UIElement.TestNG2@5906ebcb]" name="test2" duration-ms="1" started-at="2019-03-20T06:08:31Z" finished-at="2019-03-20T06:08:31Z">
          <reporter-output>
          </reporter-output>
        </test-method> <!-- test2 -->
        <test-method status="PASS" signature="beforeMethod()[pri:0, instance:com.amar.UIElement.TestNG2@5906ebcb]" name="beforeMethod" is-config="true" duration-ms="0" started-at="2019-03-20T06:08:31Z" finished-at="2019-03-20T06:08:31Z">
          <reporter-output>
          </reporter-output>
        </test-method> <!-- beforeMethod -->
        <test-method status="PASS" signature="test3()[pri:0, instance:com.amar.UIElement.TestNG2@5906ebcb]" name="test3" duration-ms="1" started-at="2019-03-20T06:08:31Z" finished-at="2019-03-20T06:08:31Z">
          <reporter-output>
          </reporter-output>
        </test-method> <!-- test3 -->
      </class> <!-- com.amar.UIElement.TestNG2 -->
      <class name="com.amar.dreamer.RNDPro.MyTests2">
        <test-method status="PASS" signature="test2()[pri:0, instance:com.amar.dreamer.RNDPro.MyTests2@55a561cf]" name="test2" duration-ms="1" started-at="2019-03-20T06:08:31Z" finished-at="2019-03-20T06:08:31Z">
          <reporter-output>
          </reporter-output>
        </test-method> <!-- test2 -->
        <test-method status="PASS" signature="test1()[pri:1, instance:com.amar.dreamer.RNDPro.MyTests2@55a561cf]" name="test1" duration-ms="0" started-at="2019-03-20T06:08:31Z" finished-at="2019-03-20T06:08:31Z">
          <reporter-output>
          </reporter-output>
        </test-method> <!-- test1 -->
        <test-method status="PASS" signature="test3()[pri:2, instance:com.amar.dreamer.RNDPro.MyTests2@55a561cf]" name="test3" duration-ms="1" started-at="2019-03-20T06:08:31Z" finished-at="2019-03-20T06:08:31Z">
          <reporter-output>
          </reporter-output>
        </test-method> <!-- test3 -->
      </class> <!-- com.amar.dreamer.RNDPro.MyTests2 -->
      <class name="com.amar.UIElement.TestNGTest">
        <test-method status="PASS" signature="beforeMethod()[pri:0, instance:com.amar.UIElement.TestNGTest@258e2e41]" name="beforeMethod" is-config="true" duration-ms="1" started-at="2019-03-20T06:08:31Z" finished-at="2019-03-20T06:08:31Z">
          <reporter-output>
          </reporter-output>
        </test-method> <!-- beforeMethod -->
        <test-method status="PASS" signature="test1()[pri:0, instance:com.amar.UIElement.TestNGTest@258e2e41]" name="test1" duration-ms="1" started-at="2019-03-20T06:08:31Z" finished-at="2019-03-20T06:08:31Z">
          <reporter-output>
          </reporter-output>
        </test-method> <!-- test1 -->
        <test-method status="PASS" signature="beforeMethod()[pri:0, instance:com.amar.UIElement.TestNGTest@258e2e41]" name="beforeMethod" is-config="true" duration-ms="1" started-at="2019-03-20T06:08:31Z" finished-at="2019-03-20T06:08:31Z">
          <reporter-output>
          </reporter-output>
        </test-method> <!-- beforeMethod -->
        <test-method status="PASS" signature="test2()[pri:0, instance:com.amar.UIElement.TestNGTest@258e2e41]" name="test2" duration-ms="1" started-at="2019-03-20T06:08:31Z" finished-at="2019-03-20T06:08:31Z">
          <reporter-output>
          </reporter-output>
        </test-method> <!-- test2 -->
        <test-method status="PASS" signature="beforeMethod()[pri:0, instance:com.amar.UIElement.TestNGTest@258e2e41]" name="beforeMethod" is-config="true" duration-ms="0" started-at="2019-03-20T06:08:31Z" finished-at="2019-03-20T06:08:31Z">
          <reporter-output>
          </reporter-output>
        </test-method> <!-- beforeMethod -->
        <test-method status="PASS" signature="test3()[pri:0, instance:com.amar.UIElement.TestNGTest@258e2e41]" name="test3" duration-ms="2" started-at="2019-03-20T06:08:31Z" finished-at="2019-03-20T06:08:31Z">
          <reporter-output>
          </reporter-output>
        </test-method> <!-- test3 -->
      </class> <!-- com.amar.UIElement.TestNGTest -->
    </test> <!-- Default test -->
  </suite> <!-- Default suite -->
</testng-results>
