<?xml version="1.0" encoding="UTF-8"?>
<!-- Generated by org.testng.reporters.JUnitXMLReporter -->
<testsuite hostname="DESKTOP-JD06QH1" ignored="0" name="Default test" tests="12" failures="0" timestamp="20 Mar 2019 06:08:31 GMT" time="0.059" errors="0">
  <testcase name="test1" time="0.004" classname="com.amar.UIElement.TestNG2"/>
  <testcase name="test2" time="0.001" classname="com.amar.UIElement.TestNG2"/>
  <testcase name="test3" time="0.001" classname="com.amar.UIElement.TestNG2"/>
  <testcase name="test1" time="0.001" classname="com.amar.UIElement.TestNGTest"/>
  <testcase name="test2" time="0.001" classname="com.amar.UIElement.TestNGTest"/>
  <testcase name="test3" time="0.002" classname="com.amar.UIElement.TestNGTest"/>
  <testcase name="test2" time="0.001" classname="com.amar.dreamer.RNDPro.MyTests1"/>
  <testcase name="test2" time="0.001" classname="com.amar.dreamer.RNDPro.MyTests2"/>
  <testcase name="test1" time="0.001" classname="com.amar.dreamer.RNDPro.MyTests1"/>
  <testcase name="test1" time="0.0" classname="com.amar.dreamer.RNDPro.MyTests2"/>
  <testcase name="test3" time="0.001" classname="com.amar.dreamer.RNDPro.MyTests1"/>
  <testcase name="test3" time="0.001" classname="com.amar.dreamer.RNDPro.MyTests2"/>
</testsuite> <!-- Default test -->
